{
  "stats": {
    "suites": 1,
    "tests": 1,
    "passes": 0,
    "pending": 0,
    "failures": 1,
    "start": "2023-09-08T23:12:39.498Z",
    "end": "2023-09-08T23:12:49.542Z",
    "duration": 10044,
    "testsRegistered": 1,
    "passPercent": 0,
    "pendingPercent": 0,
    "other": 0,
    "hasOther": false,
    "skipped": 0,
    "hasSkipped": false
  },
  "results": [
    {
      "uuid": "31fbfc40-6090-409a-9a0c-da2b6b300484",
      "title": "",
      "fullFile": "cypress\\e2e\\login.cy.js",
      "file": "cypress\\e2e\\login.cy.js",
      "beforeHooks": [],
      "afterHooks": [],
      "tests": [],
      "suites": [
        {
          "uuid": "2c67fdfa-347d-433e-b796-fde95daa8c81",
          "title": "Login - Teste da Api ServeRest",
          "fullFile": "",
          "file": "",
          "beforeHooks": [],
          "afterHooks": [],
          "tests": [
            {
              "title": "Deve faze login com sucesso",
              "fullTitle": "Login - Teste da Api ServeRest Deve faze login com sucesso",
              "timedOut": null,
              "duration": 8480,
              "state": "failed",
              "speed": null,
              "pass": false,
              "fail": true,
              "pending": false,
              "context": null,
              "code": "cy.request({\n  method: 'POST',\n  url: 'http://localhost:3000/login',\n  body: {\n    \"email\": \"xandibrbr@yahoo.com.br\",\n    \"password\": \"teste\"\n  }\n}).then(response => {\n  expect(response.status).to.equal(200);\n  expect(response.body.message).to.equal('Login realizado com sucesso');\n  cy.log(response.body.authorization);\n});",
              "err": {
                "message": "CypressError: `cy.request()` failed on:\n\nhttp://localhost:3000/login\n\nThe response we received from your web server was:\n\n  > 401: Unauthorized\n\nThis was considered a failure because the status code was not `2xx` or `3xx`.\n\nIf you do not want status codes to cause failures pass the option: `failOnStatusCode: false`\n\n-----------------------------------------------------------\n\nThe request we sent was:\n\nMethod: POST\nURL: http://localhost:3000/login\nHeaders: {\n  \"Connection\": \"keep-alive\",\n  \"user-agent\": \"Mozilla/5.0 (Windows NT 10.0; Win64; x64) AppleWebKit/537.36 (KHTML, like Gecko) Cypress/12.17.4 Chrome/106.0.5249.51 Electron/21.0.0 Safari/537.36\",\n  \"accept\": \"*/*\",\n  \"accept-encoding\": \"gzip, deflate\",\n  \"content-type\": \"application/json\",\n  \"content-length\": 53\n}\nBody: {\"email\":\"xandibrbr@yahoo.com.br\",\"password\":\"teste\"}\n\n-----------------------------------------------------------\n\nThe response we got was:\n\nStatus: 401 - Unauthorized\nHeaders: {\n  \"access-control-allow-origin\": \"*\",\n  \"x-dns-prefetch-control\": \"off\",\n  \"x-frame-options\": \"SAMEORIGIN\",\n  \"strict-transport-security\": \"max-age=15552000; includeSubDomains\",\n  \"x-download-options\": \"noopen\",\n  \"x-content-type-options\": \"nosniff\",\n  \"x-xss-protection\": \"1; mode=block\",\n  \"x-moesif-transaction-id\": \"8164a380-33b2-48f9-833e-b40f23a9a0ab\",\n  \"content-type\": \"application/json; charset=utf-8\",\n  \"content-length\": \"48\",\n  \"date\": \"Fri, 08 Sep 2023 23:12:45 GMT\",\n  \"connection\": \"keep-alive\",\n  \"keep-alive\": \"timeout=5\"\n}\nBody: {\n  \"message\": \"Email e/ou senha inválidos\"\n}\n\n\nhttps://on.cypress.io/request",
                "estack": "CypressError: `cy.request()` failed on:\n\nhttp://localhost:3000/login\n\nThe response we received from your web server was:\n\n  > 401: Unauthorized\n\nThis was considered a failure because the status code was not `2xx` or `3xx`.\n\nIf you do not want status codes to cause failures pass the option: `failOnStatusCode: false`\n\n-----------------------------------------------------------\n\nThe request we sent was:\n\nMethod: POST\nURL: http://localhost:3000/login\nHeaders: {\n  \"Connection\": \"keep-alive\",\n  \"user-agent\": \"Mozilla/5.0 (Windows NT 10.0; Win64; x64) AppleWebKit/537.36 (KHTML, like Gecko) Cypress/12.17.4 Chrome/106.0.5249.51 Electron/21.0.0 Safari/537.36\",\n  \"accept\": \"*/*\",\n  \"accept-encoding\": \"gzip, deflate\",\n  \"content-type\": \"application/json\",\n  \"content-length\": 53\n}\nBody: {\"email\":\"xandibrbr@yahoo.com.br\",\"password\":\"teste\"}\n\n-----------------------------------------------------------\n\nThe response we got was:\n\nStatus: 401 - Unauthorized\nHeaders: {\n  \"access-control-allow-origin\": \"*\",\n  \"x-dns-prefetch-control\": \"off\",\n  \"x-frame-options\": \"SAMEORIGIN\",\n  \"strict-transport-security\": \"max-age=15552000; includeSubDomains\",\n  \"x-download-options\": \"noopen\",\n  \"x-content-type-options\": \"nosniff\",\n  \"x-xss-protection\": \"1; mode=block\",\n  \"x-moesif-transaction-id\": \"8164a380-33b2-48f9-833e-b40f23a9a0ab\",\n  \"content-type\": \"application/json; charset=utf-8\",\n  \"content-length\": \"48\",\n  \"date\": \"Fri, 08 Sep 2023 23:12:45 GMT\",\n  \"connection\": \"keep-alive\",\n  \"keep-alive\": \"timeout=5\"\n}\nBody: {\n  \"message\": \"Email e/ou senha inválidos\"\n}\n\n\nhttps://on.cypress.io/request\n    at <unknown> (http://localhost:3000/__cypress/runner/cypress_runner.js:132360:72)\n    at tryCatcher (http://localhost:3000/__cypress/runner/cypress_runner.js:1807:23)\n    at Promise._settlePromiseFromHandler (http://localhost:3000/__cypress/runner/cypress_runner.js:1519:31)\n    at Promise._settlePromise (http://localhost:3000/__cypress/runner/cypress_runner.js:1576:18)\n    at Promise._settlePromise0 (http://localhost:3000/__cypress/runner/cypress_runner.js:1621:10)\n    at Promise._settlePromises (http://localhost:3000/__cypress/runner/cypress_runner.js:1701:18)\n    at _drainQueueStep (http://localhost:3000/__cypress/runner/cypress_runner.js:2407:12)\n    at _drainQueue (http://localhost:3000/__cypress/runner/cypress_runner.js:2400:9)\n    at Async._drainQueues (http://localhost:3000/__cypress/runner/cypress_runner.js:2416:5)\n    at Async.drainQueues (http://localhost:3000/__cypress/runner/cypress_runner.js:2286:14)\nFrom Your Spec Code:\n    at Context.eval (webpack://teste-api-cypress/./cypress/e2e/login.cy.js:4:11)",
                "diff": null
              },
              "uuid": "93a615e6-aec6-46e9-a07d-b397ab42d4cb",
              "parentUUID": "2c67fdfa-347d-433e-b796-fde95daa8c81",
              "isHook": false,
              "skipped": false
            }
          ],
          "suites": [],
          "passes": [],
          "failures": [
            "93a615e6-aec6-46e9-a07d-b397ab42d4cb"
          ],
          "pending": [],
          "skipped": [],
          "duration": 8480,
          "root": false,
          "rootEmpty": false,
          "_timeout": 2000
        }
      ],
      "passes": [],
      "failures": [],
      "pending": [],
      "skipped": [],
      "duration": 0,
      "root": true,
      "rootEmpty": true,
      "_timeout": 2000
    }
  ],
  "meta": {
    "mocha": {
      "version": "7.0.1"
    },
    "mochawesome": {
      "options": {
        "quiet": false,
        "reportFilename": "mochawesome",
        "saveHtml": false,
        "saveJson": true,
        "consoleReporter": "spec",
        "useInlineDiffs": false,
        "code": true
      },
      "version": "7.1.3"
    },
    "marge": {
      "options": {
        "reportDir": "mochawesome-report",
        "overwrite": false,
        "html": false,
        "json": true
      },
      "version": "6.2.0"
    }
  }
}