{
  "stats": {
    "suites": 1,
    "tests": 1,
    "passes": 0,
    "pending": 0,
    "failures": 1,
    "start": "2023-09-19T23:20:16.894Z",
    "end": "2023-09-19T23:21:14.669Z",
    "duration": 57775,
    "testsRegistered": 1,
    "passPercent": 0,
    "pendingPercent": 0,
    "other": 0,
    "hasOther": false,
    "skipped": 0,
    "hasSkipped": false
  },
  "results": [
    {
      "uuid": "5e647c44-8bfe-4379-be59-d05c808c429f",
      "title": "",
      "fullFile": "cypress\\e2e\\exercicio-api.cy.js",
      "file": "cypress\\e2e\\exercicio-api.cy.js",
      "beforeHooks": [],
      "afterHooks": [],
      "tests": [],
      "suites": [
        {
          "uuid": "38337287-3ed3-4f0a-bd90-8a141cb195cd",
          "title": "Testes da Funcionalidade Usuários",
          "fullFile": "",
          "file": "",
          "beforeHooks": [],
          "afterHooks": [],
          "tests": [
            {
              "title": "Deve cadastrar um usuário com sucesso",
              "fullTitle": "Testes da Funcionalidade Usuários Deve cadastrar um usuário com sucesso",
              "timedOut": null,
              "duration": 47759,
              "state": "failed",
              "speed": null,
              "pass": false,
              "fail": true,
              "pending": false,
              "context": null,
              "code": "const useremail = _faker.faker.internet.email();\ncy.NovoUsuario('Cavalcanti', useremail, 'teste', 'true').then(response => {\n  expect(response.status).to.equal(201);\n  expect(response.body.message).to.equal('cadastro realizado com sucesso');\n});",
              "err": {
                "message": "TypeError: cy.rquest is not a function",
                "estack": "TypeError: cy.rquest is not a function\n    at Context.eval (webpack://teste-api-cypress/./cypress/support/commands.js:58:7)",
                "diff": null
              },
              "uuid": "ed670b23-00c6-4453-b10f-d1acc97a9afd",
              "parentUUID": "38337287-3ed3-4f0a-bd90-8a141cb195cd",
              "isHook": false,
              "skipped": false
            }
          ],
          "suites": [],
          "passes": [],
          "failures": [
            "ed670b23-00c6-4453-b10f-d1acc97a9afd"
          ],
          "pending": [],
          "skipped": [],
          "duration": 47759,
          "root": false,
          "rootEmpty": false,
          "_timeout": 2000
        }
      ],
      "passes": [],
      "failures": [],
      "pending": [],
      "skipped": [],
      "duration": 0,
      "root": true,
      "rootEmpty": true,
      "_timeout": 2000
    }
  ],
  "meta": {
    "mocha": {
      "version": "7.0.1"
    },
    "mochawesome": {
      "options": {
        "quiet": false,
        "reportFilename": "mochawesome",
        "saveHtml": false,
        "saveJson": true,
        "consoleReporter": "spec",
        "useInlineDiffs": false,
        "code": true
      },
      "version": "7.1.3"
    },
    "marge": {
      "options": {
        "reportDir": "mochawesome-report",
        "overwrite": false,
        "html": false,
        "json": true
      },
      "version": "6.2.0"
    }
  }
}